Line 15: Class MSDataGridLib.DataGrid of control DataGrid1 was not a loaded control class.
Line 259: Class MSAdodcLib.Adodc of control Adodc1 was not a loaded control class.
Line 16: The property name Bindings in DataGrid1 is invalid.
Line 22: The property name _ExtentX in DataGrid1 is invalid.
Line 23: The property name _ExtentY in DataGrid1 is invalid.
Line 24: The property name _Version in DataGrid1 is invalid.
Line 25: The property name HeadLines in DataGrid1 is invalid.
Line 26: The property name RowHeight in DataGrid1 is invalid.
Line 27: The property name FormatLocked in DataGrid1 is invalid.
Line 36: The property name HeadFont in DataGrid1 is invalid.
Line 46: The property name ColumnCount in DataGrid1 is invalid.
Line 59: The property name Column00 in DataGrid1 is invalid.
Line 72: The property name Column01 in DataGrid1 is invalid.
Line 85: The property name Column02 in DataGrid1 is invalid.
Line 98: The property name Column03 in DataGrid1 is invalid.
Line 111: The property name Column04 in DataGrid1 is invalid.
Line 124: The property name Column05 in DataGrid1 is invalid.
Line 137: The property name Column06 in DataGrid1 is invalid.
Line 150: The property name Column07 in DataGrid1 is invalid.
Line 163: The property name Column08 in DataGrid1 is invalid.
Line 176: The property name Column09 in DataGrid1 is invalid.
Line 189: The property name Column10 in DataGrid1 is invalid.
Line 202: The property name Column11 in DataGrid1 is invalid.
Line 215: The property name Column12 in DataGrid1 is invalid.
Line 216: The property name SplitCount in DataGrid1 is invalid.
Line 257: The property name Split0 in DataGrid1 is invalid.
Line 264: The property name _ExtentX in Adodc1 is invalid.
Line 265: The property name _ExtentY in Adodc1 is invalid.
Line 266: The property name ConnectMode in Adodc1 is invalid.
Line 267: The property name CursorLocation in Adodc1 is invalid.
Line 268: The property name IsolationLevel in Adodc1 is invalid.
Line 269: The property name ConnectionTimeout in Adodc1 is invalid.
Line 270: The property name CommandTimeout in Adodc1 is invalid.
Line 271: The property name CursorType in Adodc1 is invalid.
Line 272: The property name LockType in Adodc1 is invalid.
Line 273: The property name CommandType in Adodc1 is invalid.
Line 274: The property name CursorOptions in Adodc1 is invalid.
Line 275: The property name CacheSize in Adodc1 is invalid.
Line 276: The property name MaxRecords in Adodc1 is invalid.
Line 277: The property name BOFAction in Adodc1 is invalid.
Line 278: The property name EOFAction in Adodc1 is invalid.
Line 279: The property name ConnectStringType in Adodc1 is invalid.
Line 283: The property name Orientation in Adodc1 is invalid.
Line 285: The property name Connect in Adodc1 is invalid.
Line 286: The property name OLEDBString in Adodc1 is invalid.
Line 287: The property name OLEDBFile in Adodc1 is invalid.
Line 288: The property name DataSourceName in Adodc1 is invalid.
Line 289: The property name OtherAttributes in Adodc1 is invalid.
Line 290: The property name UserName in Adodc1 is invalid.
Line 291: The property name Password in Adodc1 is invalid.
Line 292: The property name RecordSource in Adodc1 is invalid.
Line 293: The property name Caption in Adodc1 is invalid.
Line 303: The property name _Version in Adodc1 is invalid.
